Total Dictionary Words: 10000
File read time: 0.002682 s
Device Allocation time: 0.001273 s
Possible error: no error
Possible error: no error
Possible error: no error
Possible error: no error
Possible error: no error
Possible error: no error
Possible error: no error
Possible error: no error
Possible error: no error
Possible error: no error
Possible error: no error
Possible error: no error
Possible error: no error
Possible error: no error
Possible error: no error
Possible error: no error
Possible error: no error
Possible error: no error
Possible error: no error
Possible error: no error
Dictionary Calculation Time: 0.003422 s
Couldn't find the password with dictionary manipulation
Sorry. Couldn't find the password
MD5 Calculation time: 3.068502 s
Total Time: 3.072805 s

real	0m3.281s
user	0m1.587s
sys	0m1.660s
