Total Dictionary Words: 10000
File read time: 0.002683 s
Device Allocation time: 0.001285 s
Possible error: no error
Possible error: no error
Possible error: no error
Possible error: no error
Possible error: no error
Possible error: no error
Possible error: no error
Possible error: no error
Possible error: no error
Possible error: no error
Possible error: no error
Possible error: no error
Possible error: no error
Possible error: no error
Possible error: no error
Possible error: no error
Possible error: no error
Possible error: no error
Possible error: no error
Possible error: no error
Dictionary Calculation Time: 0.003496 s
Couldn't find the password with dictionary manipulation
Sorry. Couldn't find the password
MD5 Calculation time: 3.068076 s
Total Time: 3.072373 s

real	0m3.393s
user	0m1.655s
sys	0m1.609s
