Total Dictionary Words: 10000
File read time: 0.002617 s
Device Allocation time: 0.001256 s
Possible error: no error
Possible error: no error
Possible error: no error
Possible error: no error
Possible error: no error
Possible error: no error
Possible error: no error
Possible error: no error
Possible error: no error
Possible error: no error
Possible error: no error
Possible error: no error
Possible error: no error
Possible error: no error
Possible error: no error
Possible error: no error
Possible error: no error
Possible error: no error
Possible error: no error
Possible error: no error
Dictionary Calculation Time: 0.003419 s
Couldn't find the password with dictionary manipulation
Sorry. Couldn't find the password
MD5 Calculation time: 3.069174 s
Total Time: 3.073486 s

real	0m3.281s
user	0m1.600s
sys	0m1.646s
