Total Dictionary Words: 10000
File read time: 0.002671 s
Device Allocation time: 0.001133 s
Possible error: no error
Possible error: no error
Possible error: no error
Possible error: no error
Possible error: no error
Possible error: no error
Possible error: no error
Possible error: no error
Possible error: no error
Possible error: no error
Possible error: no error
Possible error: no error
Possible error: no error
Possible error: no error
Possible error: no error
Possible error: no error
Possible error: no error
Possible error: no error
Possible error: no error
Possible error: no error
Dictionary Calculation Time: 0.003430 s
Couldn't find the password with dictionary manipulation
Sorry. Couldn't find the password
MD5 Calculation time: 3.063156 s
Total Time: 3.068147 s

real	0m3.279s
user	0m1.576s
sys	0m1.668s
