Total Dictionary Words: 10000
File read time: 0.002672 s
Device Allocation time: 0.001276 s
Possible error: no error
Possible error: no error
Possible error: no error
Possible error: no error
Possible error: no error
Possible error: no error
Possible error: no error
Possible error: no error
Possible error: no error
Possible error: no error
Possible error: no error
Possible error: no error
Possible error: no error
Possible error: no error
Possible error: no error
Possible error: no error
Possible error: no error
Possible error: no error
Possible error: no error
Possible error: no error
Dictionary Calculation Time: 0.003389 s
Couldn't find the password with dictionary manipulation
Sorry. Couldn't find the password
MD5 Calculation time: 3.062484 s
Total Time: 3.066799 s

real	0m3.271s
user	0m1.521s
sys	0m1.727s
