Total Dictionary Words: 10000
File read time: 0.002416 s
Device Allocation time: 0.001333 s
Dictionary Calculation Time: 0.011683 s
Couldn't find the password with dictionary manipulation
threads: 1024
sapce: 26
Possible error: no error
dim: 1024
threads: 1024
sapce: 676
Possible error: no error
dim: 1024
threads: 18432
sapce: 17576
Possible error: no error
dim: 18432
threads: 457728
sapce: 456976
Possible error: no error
dim: 457728
threads: 11881472
sapce: 11881376
Possible error: no error
dim: 11881472
threads: 308916224
sapce: 308915776
Possible error: no error
dim: 308916224
threads: 8031810560
sapce: 8031810176
Possible error: no error
dim: 8031810560
dim: 8031810560
Sorry. Couldn't find the password
MD5 Calculation time: 3.068722 s
Total Time: 3.072492 s

real	0m3.543s
user	0m1.635s
sys	0m1.699s
