Total Dictionary Words: 10000
File read time: 0.002643 s
Device Allocation time: 0.000419 s
Possible error: no error
Possible error: misaligned address
Possible error: misaligned address
Possible error: misaligned address
Possible error: misaligned address
Possible error: misaligned address
Possible error: misaligned address
Possible error: misaligned address
Possible error: misaligned address
Possible error: misaligned address
Possible error: misaligned address
Possible error: misaligned address
Possible error: misaligned address
Possible error: misaligned address
Possible error: misaligned address
Possible error: misaligned address
Possible error: misaligned address
Possible error: misaligned address
Possible error: misaligned address
Possible error: misaligned address
Possible error: misaligned address
Possible error: misaligned address
Possible error: misaligned address
Possible error: misaligned address
Possible error: misaligned address
Possible error: misaligned address
Possible error: misaligned address
Possible error: misaligned address
Possible error: misaligned address
Possible error: misaligned address
Possible error: misaligned address
Possible error: misaligned address
Possible error: misaligned address
Possible error: misaligned address
Possible error: misaligned address
Possible error: misaligned address
Possible error: misaligned address
Possible error: misaligned address
Possible error: misaligned address
Possible error: misaligned address
Possible error: misaligned address
Possible error: misaligned address
Possible error: misaligned address
Possible error: misaligned address
Possible error: misaligned address
Possible error: misaligned address
Possible error: misaligned address
Possible error: misaligned address
Possible error: misaligned address
Possible error: misaligned address
Possible error: misaligned address
Possible error: misaligned address
Possible error: misaligned address
Possible error: misaligned address
Possible error: misaligned address
Possible error: misaligned address
Possible error: misaligned address
Possible error: misaligned address
Possible error: misaligned address
Possible error: misaligned address
Possible error: misaligned address
Possible error: misaligned address
Possible error: misaligned address
Possible error: misaligned address
Possible error: misaligned address
Possible error: misaligned address
Possible error: misaligned address
Possible error: misaligned address
Possible error: misaligned address
Possible error: misaligned address
Possible error: misaligned address
Possible error: misaligned address
Possible error: misaligned address
Possible error: misaligned address
Possible error: misaligned address
Possible error: misaligned address
Possible error: misaligned address
Possible error: misaligned address
Possible error: misaligned address
Possible error: misaligned address
Possible error: misaligned address
Possible error: misaligned address
Possible error: misaligned address
Possible error: misaligned address
Possible error: misaligned address
Possible error: misaligned address
Possible error: misaligned address
Possible error: misaligned address
Possible error: misaligned address
Possible error: misaligned address
Possible error: misaligned address
Possible error: misaligned address
Possible error: misaligned address
Possible error: misaligned address
Possible error: misaligned address
Possible error: misaligned address
Possible error: misaligned address
Possible error: misaligned address
Possible error: misaligned address
Possible error: misaligned address
Possible error: misaligned address
Possible error: misaligned address
Possible error: misaligned address
Possible error: misaligned address
Possible error: misaligned address
Possible error: misaligned address
Possible error: misaligned address
Possible error: misaligned address
Possible error: misaligned address
Possible error: misaligned address
Possible error: misaligned address
Possible error: misaligned address
Possible error: misaligned address
Possible error: misaligned address
Possible error: misaligned address
Possible error: misaligned address
Possible error: misaligned address
Possible error: misaligned address
Possible error: misaligned address
Possible error: misaligned address
Possible error: misaligned address
Possible error: misaligned address
Possible error: misaligned address
Possible error: misaligned address
Possible error: misaligned address
Possible error: misaligned address
Possible error: misaligned address
Possible error: misaligned address
Possible error: misaligned address
Possible error: misaligned address
Possible error: misaligned address
Possible error: misaligned address
Possible error: misaligned address
Possible error: misaligned address
Possible error: misaligned address
Possible error: misaligned address
Possible error: misaligned address
Possible error: misaligned address
Possible error: misaligned address
Possible error: misaligned address
Possible error: misaligned address
Possible error: misaligned address
Possible error: misaligned address
Possible error: misaligned address
Possible error: misaligned address
Possible error: misaligned address
Possible error: misaligned address
Possible error: misaligned address
Possible error: misaligned address
Possible error: misaligned address
Possible error: misaligned address
Possible error: misaligned address
Possible error: misaligned address
Possible error: misaligned address
Possible error: misaligned address
Possible error: misaligned address
Possible error: misaligned address
Possible error: misaligned address
Possible error: misaligned address
Possible error: misaligned address
Possible error: misaligned address
Possible error: misaligned address
Possible error: misaligned address
Possible error: misaligned address
Possible error: misaligned address
Possible error: misaligned address
Possible error: misaligned address
Possible error: misaligned address
Possible error: misaligned address
Possible error: misaligned address
Possible error: misaligned address
Possible error: misaligned address
Possible error: misaligned address
Possible error: misaligned address
Possible error: misaligned address
Possible error: misaligned address
Possible error: misaligned address
Possible error: misaligned address
Possible error: misaligned address
Possible error: misaligned address
Possible error: misaligned address
Possible error: misaligned address
Possible error: misaligned address
Possible error: misaligned address
Possible error: misaligned address
Possible error: misaligned address
Possible error: misaligned address
Possible error: misaligned address
Possible error: misaligned address
Possible error: misaligned address
Possible error: misaligned address
Possible error: misaligned address
Possible error: misaligned address
Possible error: misaligned address
Possible error: misaligned address
Possible error: misaligned address
Possible error: misaligned address
Possible error: misaligned address
Possible error: misaligned address
Possible error: misaligned address
Possible error: misaligned address
Possible error: misaligned address
Possible error: misaligned address
Possible error: misaligned address
Possible error: misaligned address
Possible error: misaligned address
Possible error: misaligned address
Possible error: misaligned address
Possible error: misaligned address
Possible error: misaligned address
Possible error: misaligned address
Possible error: misaligned address
Possible error: misaligned address
Possible error: misaligned address
Possible error: misaligned address
Possible error: misaligned address
Possible error: misaligned address
Possible error: misaligned address
Possible error: misaligned address
Possible error: misaligned address
Possible error: misaligned address
Possible error: misaligned address
Possible error: misaligned address
Possible error: misaligned address
Possible error: misaligned address
Possible error: misaligned address
Possible error: misaligned address
Possible error: misaligned address
Possible error: misaligned address
Possible error: misaligned address
Possible error: misaligned address
Possible error: misaligned address
Possible error: misaligned address
Possible error: misaligned address
Possible error: misaligned address
Possible error: misaligned address
Possible error: misaligned address
Possible error: misaligned address
Possible error: misaligned address
Possible error: misaligned address
Possible error: misaligned address
Possible error: misaligned address
Possible error: misaligned address
Possible error: misaligned address
Possible error: misaligned address
Possible error: misaligned address
Possible error: misaligned address
Possible error: misaligned address
Possible error: misaligned address
Possible error: misaligned address
Possible error: misaligned address
Possible error: misaligned address
Possible error: misaligned address
Dictionary Calculation Time: 1.754015 s
Couldn't find the password with dictionary manipulation
Sorry. Couldn't find the password
MD5 Calculation time: 1.754044 s
Total Time: 1.757121 s

real	0m2.045s
user	0m0.533s
sys	0m0.679s
